2020-08-30T13:23:54.782Z [grade-control.log] info: API started
2020-08-30T13:24:03.814Z [grade-control.log] info: API started
2020-08-30T13:24:06.007Z [grade-control.log] info: API started
2020-08-30T13:24:17.978Z [grade-control.log] info: API started
2020-08-30T13:24:20.213Z [grade-control.log] info: API started
2020-08-30T13:25:00.813Z [grade-control.log] info: API started
2020-08-30T13:25:25.100Z [grade-control.log] info: API started
2020-08-30T13:25:29.380Z [grade-control.log] info: API started
2020-08-30T13:25:32.335Z [grade-control.log] info: API started
2020-08-30T13:25:34.658Z [grade-control.log] info: API started
2020-08-30T13:25:37.435Z [grade-control.log] info: API started
2020-08-30T13:25:40.679Z [grade-control.log] info: API started
2020-08-30T13:25:44.122Z [grade-control.log] info: API started
2020-08-30T13:26:00.403Z [grade-control.log] info: API started
2020-08-30T13:26:03.182Z [grade-control.log] info: API started
2020-08-30T13:26:06.808Z [grade-control.log] info: API started
2020-08-30T13:26:07.218Z [grade-control.log] info: API started
2020-08-30T13:26:30.409Z [grade-control.log] info: API started
2020-08-30T13:28:23.743Z [grade-control.log] info: API started
2020-08-30T13:28:26.506Z [grade-control.log] info: API started
2020-08-30T13:28:28.886Z [grade-control.log] info: API started
2020-08-30T13:28:31.465Z [grade-control.log] info: API started
2020-08-30T13:28:48.020Z [grade-control.log] info: API started
2020-08-30T13:40:09.153Z [grade-control.log] info: API started
2020-08-30T13:40:51.121Z [grade-control.log] info: API started
2020-08-30T14:51:49.606Z [grade-control.log] info: API started
2020-08-30T14:51:55.373Z [grade-control.log] info: API started
2020-08-30T14:52:01.656Z [grade-control.log] info: API started
2020-08-30T14:53:00.748Z [grade-control.log] info: API started
2020-08-30T14:53:15.802Z [grade-control.log] info: API started
2020-08-30T14:54:37.952Z [grade-control.log] info: API started
2020-08-30T14:54:44.834Z [grade-control.log] info: API started
2020-08-30T14:54:59.545Z [grade-control.log] info: API started
2020-08-30T14:55:29.538Z [grade-control.log] info: API started
2020-08-30T14:55:38.434Z [grade-control.log] info: API started
2020-08-30T14:55:43.095Z [grade-control.log] info: API started
2020-08-30T14:55:44.630Z [grade-control.log] info: API started
2020-08-30T14:55:47.053Z [grade-control.log] info: API started
2020-08-30T14:55:49.735Z [grade-control.log] info: API started
2020-08-30T14:55:52.850Z [grade-control.log] info: API started
2020-08-30T14:55:57.276Z [grade-control.log] info: API started
2020-08-30T14:56:05.425Z [grade-control.log] info: API started
2020-08-30T14:56:07.503Z [grade-control.log] info: API started
2020-08-30T14:56:17.640Z [grade-control.log] info: API started
2020-08-30T14:56:23.946Z [grade-control.log] info: API started
2020-08-30T14:56:27.425Z [grade-control.log] info: Error connecting to MongoDBReferenceError: error is not defined
2020-08-30T14:56:30.330Z [grade-control.log] info: API started
2020-08-30T14:56:31.263Z [grade-control.log] info: API started
2020-08-30T14:56:35.306Z [grade-control.log] info: MongoDB connected!
2020-08-30T14:56:38.490Z [grade-control.log] info: API started
2020-08-30T14:56:44.238Z [grade-control.log] info: MongoDB connected!
2020-08-30T15:03:44.770Z [grade-control.log] error: POST /account These parameters are required: agency, account, balance!
2020-08-30T15:04:21.585Z [grade-control.log] info: API started
2020-08-30T15:04:23.556Z [grade-control.log] info: MongoDB connected!
2020-08-30T15:04:25.558Z [grade-control.log] error: POST /account dataJSON is not defined
2020-08-30T15:04:36.540Z [grade-control.log] info: API started
2020-08-30T15:04:38.516Z [grade-control.log] info: MongoDB connected!
2020-08-30T15:04:39.632Z [grade-control.log] info: API started
2020-08-30T15:04:41.745Z [grade-control.log] info: API started
2020-08-30T15:04:42.187Z [grade-control.log] info: POST /account/deposit - 10
2020-08-30T15:04:43.635Z [grade-control.log] info: MongoDB connected!
2020-08-30T15:05:19.792Z [grade-control.log] info: POST /account/deposit - 10
2020-08-30T15:05:26.032Z [grade-control.log] info: API started
2020-08-30T15:05:28.035Z [grade-control.log] info: MongoDB connected!
2020-08-30T15:05:34.655Z [grade-control.log] info: API started
2020-08-30T15:05:36.004Z [grade-control.log] info: API started
2020-08-30T15:05:37.590Z [grade-control.log] info: MongoDB connected!
2020-08-30T15:05:40.414Z [grade-control.log] info: API started
2020-08-30T15:05:42.420Z [grade-control.log] info: MongoDB connected!
2020-08-30T15:05:45.450Z [grade-control.log] info: API started
2020-08-30T15:05:47.331Z [grade-control.log] info: MongoDB connected!
2020-08-30T15:05:50.439Z [grade-control.log] info: API started
2020-08-30T15:05:52.342Z [grade-control.log] info: MongoDB connected!
2020-08-30T15:05:54.392Z [grade-control.log] info: API started
2020-08-30T15:05:56.334Z [grade-control.log] info: MongoDB connected!
2020-08-30T15:06:02.179Z [grade-control.log] info: API started
2020-08-30T15:06:03.510Z [grade-control.log] info: API started
2020-08-30T15:06:05.737Z [grade-control.log] info: API started
2020-08-30T15:06:07.923Z [grade-control.log] info: MongoDB connected!
2020-08-30T15:06:11.426Z [grade-control.log] info: API started
2020-08-30T15:06:12.240Z [grade-control.log] error: POST /account Invalid status code: 10
2020-08-30T15:06:13.543Z [grade-control.log] info: MongoDB connected!
2020-08-30T15:06:27.145Z [grade-control.log] info: API started
2020-08-30T15:06:28.502Z [grade-control.log] error: POST /account newDeposit is not defined
2020-08-30T15:06:29.202Z [grade-control.log] info: MongoDB connected!
2020-08-30T15:06:56.222Z [grade-control.log] info: API started
2020-08-30T15:06:58.091Z [grade-control.log] info: MongoDB connected!
2020-08-30T15:07:18.316Z [grade-control.log] info: API started
2020-08-30T15:08:42.302Z [grade-control.log] info: API started
2020-08-30T15:08:43.934Z [grade-control.log] info: API started
2020-08-30T15:08:46.866Z [grade-control.log] info: MongoDB connected!
2020-08-30T15:08:47.048Z [grade-control.log] error: POST /account newDeposit is not defined
2020-08-30T15:09:17.308Z [grade-control.log] info: API started
2020-08-30T15:09:19.287Z [grade-control.log] info: MongoDB connected!
2020-08-30T15:09:19.499Z [grade-control.log] error: POST /account newDeposit is not defined
2020-08-30T15:09:45.967Z [grade-control.log] info: API started
2020-08-30T15:09:48.447Z [grade-control.log] info: MongoDB connected!
2020-08-30T15:09:59.265Z [grade-control.log] info: API started
2020-08-30T15:10:00.966Z [grade-control.log] info: MongoDB connected!
2020-08-30T15:10:07.447Z [grade-control.log] info: API started
2020-08-30T15:10:09.566Z [grade-control.log] info: MongoDB connected!
2020-08-30T15:11:50.169Z [grade-control.log] info: API started
2020-08-30T15:11:51.920Z [grade-control.log] info: MongoDB connected!
2020-08-30T15:12:01.715Z [grade-control.log] info: API started
2020-08-30T15:12:03.464Z [grade-control.log] info: API started
2020-08-30T15:12:05.530Z [grade-control.log] info: MongoDB connected!
2020-08-30T15:13:27.251Z [grade-control.log] info: API started
2020-08-30T15:13:29.250Z [grade-control.log] info: MongoDB connected!
2020-08-30T15:13:59.387Z [grade-control.log] info: API started
2020-08-30T15:14:01.201Z [grade-control.log] info: MongoDB connected!
2020-08-30T15:14:10.522Z [grade-control.log] info: API started
2020-08-30T15:14:12.262Z [grade-control.log] info: MongoDB connected!
2020-08-30T15:16:43.658Z [grade-control.log] info: API started
2020-08-30T15:16:47.209Z [grade-control.log] info: API started
2020-08-30T15:16:50.587Z [grade-control.log] info: MongoDB connected!
2020-08-30T15:17:02.673Z [grade-control.log] info: API started
2020-08-30T15:17:07.831Z [grade-control.log] info: MongoDB connected!
2020-08-30T15:17:17.765Z [grade-control.log] info: API started
2020-08-30T15:17:19.784Z [grade-control.log] info: MongoDB connected!
2020-08-30T15:17:28.218Z [grade-control.log] info: API started
2020-08-30T15:17:30.841Z [grade-control.log] info: API started
2020-08-30T15:17:33.580Z [grade-control.log] info: MongoDB connected!
2020-08-30T15:20:04.357Z [grade-control.log] info: API started
2020-08-30T15:20:06.301Z [grade-control.log] info: MongoDB connected!
2020-08-30T15:20:50.879Z [grade-control.log] info: API started
2020-08-30T15:20:57.202Z [grade-control.log] info: API started
2020-08-30T15:20:59.392Z [grade-control.log] info: MongoDB connected!
2020-08-30T15:21:13.246Z [grade-control.log] info: API started
2020-08-30T15:21:15.324Z [grade-control.log] info: MongoDB connected!
2020-08-30T15:21:38.061Z [grade-control.log] info: API started
2020-08-30T15:21:39.897Z [grade-control.log] info: MongoDB connected!
2020-08-30T15:21:51.267Z [grade-control.log] info: API started
2020-08-30T15:21:53.837Z [grade-control.log] info: MongoDB connected!
2020-08-30T15:22:04.013Z [grade-control.log] info: API started
2020-08-30T15:22:06.138Z [grade-control.log] info: API started
2020-08-30T15:22:08.027Z [grade-control.log] info: MongoDB connected!
2020-08-30T15:23:45.644Z [grade-control.log] info: API started
2020-08-30T15:23:48.245Z [grade-control.log] info: API started
2020-08-30T15:23:50.138Z [grade-control.log] info: MongoDB connected!
2020-08-30T15:24:01.895Z [grade-control.log] info: API started
2020-08-30T15:24:03.211Z [grade-control.log] info: API started
2020-08-30T15:24:05.143Z [grade-control.log] info: MongoDB connected!
2020-08-30T15:24:12.111Z [grade-control.log] info: API started
2020-08-30T15:24:14.224Z [grade-control.log] info: MongoDB connected!
2020-08-30T15:24:27.474Z [grade-control.log] info: API started
2020-08-30T15:24:29.496Z [grade-control.log] info: MongoDB connected!
2020-08-30T15:25:00.894Z [grade-control.log] info: API started
2020-08-30T15:25:02.922Z [grade-control.log] info: MongoDB connected!
2020-08-30T15:25:15.603Z [grade-control.log] info: API started
2020-08-30T15:25:17.078Z [grade-control.log] info: API started
2020-08-30T15:25:18.191Z [grade-control.log] info: API started
2020-08-30T15:25:20.167Z [grade-control.log] info: MongoDB connected!
2020-08-30T15:25:20.817Z [grade-control.log] info: API started
2020-08-30T15:25:22.830Z [grade-control.log] info: MongoDB connected!
2020-08-30T15:25:23.947Z [grade-control.log] info: API started
2020-08-30T15:25:26.005Z [grade-control.log] info: MongoDB connected!
2020-08-30T15:25:27.204Z [grade-control.log] info: API started
2020-08-30T15:25:29.094Z [grade-control.log] info: MongoDB connected!
2020-08-30T15:25:30.269Z [grade-control.log] info: API started
2020-08-30T15:25:31.279Z [grade-control.log] info: API started
2020-08-30T15:25:33.375Z [grade-control.log] info: MongoDB connected!
2020-08-30T15:25:42.246Z [grade-control.log] info: API started
2020-08-30T15:25:44.231Z [grade-control.log] info: MongoDB connected!
2020-08-30T15:25:48.331Z [grade-control.log] info: API started
2020-08-30T15:25:50.421Z [grade-control.log] info: MongoDB connected!
2020-08-30T15:25:59.746Z [grade-control.log] info: API started
2020-08-30T15:26:04.304Z [grade-control.log] info: MongoDB connected!
2020-08-30T15:26:05.311Z [grade-control.log] info: API started
2020-08-30T15:26:07.488Z [grade-control.log] info: MongoDB connected!
2020-08-30T15:26:07.934Z [grade-control.log] error: POST /account These parameters are required: account, agency, balance!
2020-08-30T15:26:32.325Z [grade-control.log] info: API started
2020-08-30T15:26:34.213Z [grade-control.log] info: MongoDB connected!
2020-08-30T15:26:53.868Z [grade-control.log] info: API started
2020-08-30T15:26:55.718Z [grade-control.log] info: MongoDB connected!
2020-08-30T15:27:09.096Z [grade-control.log] info: API started
2020-08-30T15:27:10.876Z [grade-control.log] info: MongoDB connected!
2020-08-30T15:27:52.478Z [grade-control.log] info: API started
2020-08-30T15:27:54.296Z [grade-control.log] info: MongoDB connected!
2020-08-30T15:28:03.662Z [grade-control.log] info: API started
2020-08-30T15:28:05.456Z [grade-control.log] info: MongoDB connected!
2020-08-30T15:28:06.405Z [grade-control.log] info: API started
2020-08-30T15:28:08.838Z [grade-control.log] info: API started
2020-08-30T15:28:10.906Z [grade-control.log] info: MongoDB connected!
2020-08-30T15:28:11.094Z [grade-control.log] error: POST /account Cannot convert undefined or null to object
2020-08-30T15:28:19.822Z [grade-control.log] info: API started
2020-08-30T15:28:20.828Z [grade-control.log] info: API started
2020-08-30T15:28:22.889Z [grade-control.log] info: MongoDB connected!
2020-08-30T15:28:23.073Z [grade-control.log] error: POST /account The account 2 doesn't exist!
2020-08-30T15:41:52.189Z [grade-control.log] info: API started
2020-08-30T15:41:54.125Z [grade-control.log] info: MongoDB connected!
2020-08-30T15:42:03.778Z [grade-control.log] info: API started
2020-08-30T15:42:05.876Z [grade-control.log] info: API started
2020-08-30T15:42:08.033Z [grade-control.log] info: MongoDB connected!
2020-08-30T15:43:22.578Z [grade-control.log] info: API started
2020-08-30T15:43:24.810Z [grade-control.log] info: MongoDB connected!
2020-08-30T15:43:40.712Z [grade-control.log] info: API started
2020-08-30T15:43:43.361Z [grade-control.log] info: API started
2020-08-30T15:43:45.187Z [grade-control.log] info: API started
2020-08-30T15:43:47.586Z [grade-control.log] info: API started
2020-08-30T15:43:49.593Z [grade-control.log] info: MongoDB connected!
2020-08-30T15:43:52.467Z [grade-control.log] info: API started
2020-08-30T15:43:53.783Z [grade-control.log] info: API started
2020-08-30T15:43:56.779Z [grade-control.log] info: API started
2020-08-30T15:43:58.940Z [grade-control.log] info: MongoDB connected!
2020-08-30T15:45:49.876Z [grade-control.log] info: API started
2020-08-30T15:45:51.931Z [grade-control.log] info: API started
2020-08-30T15:45:53.729Z [grade-control.log] info: MongoDB connected!
2020-08-30T15:46:01.184Z [grade-control.log] info: API started
2020-08-30T15:46:03.047Z [grade-control.log] info: API started
2020-08-30T15:46:04.062Z [grade-control.log] info: API started
2020-08-30T15:46:06.146Z [grade-control.log] info: MongoDB connected!
2020-08-30T15:46:09.565Z [grade-control.log] info: API started
2020-08-30T15:46:11.441Z [grade-control.log] info: MongoDB connected!
2020-08-30T15:46:21.654Z [grade-control.log] info: API started
2020-08-30T15:46:23.392Z [grade-control.log] info: MongoDB connected!
2020-08-30T15:46:35.471Z [grade-control.log] info: API started
2020-08-30T15:46:37.104Z [grade-control.log] info: API started
2020-08-30T15:46:39.099Z [grade-control.log] info: MongoDB connected!
2020-08-30T15:46:41.904Z [grade-control.log] info: API started
2020-08-30T15:46:43.694Z [grade-control.log] info: MongoDB connected!
2020-08-30T15:46:45.153Z [grade-control.log] info: API started
2020-08-30T15:46:46.659Z [grade-control.log] info: API started
2020-08-30T15:46:48.609Z [grade-control.log] info: MongoDB connected!
2020-08-30T15:48:10.728Z [grade-control.log] info: API started
2020-08-30T15:48:12.039Z [grade-control.log] info: API started
2020-08-30T15:48:14.023Z [grade-control.log] info: MongoDB connected!
2020-08-30T15:48:14.922Z [grade-control.log] info: API started
2020-08-30T15:48:16.772Z [grade-control.log] info: MongoDB connected!
2020-08-30T15:48:21.192Z [grade-control.log] info: API started
2020-08-30T15:48:23.534Z [grade-control.log] info: API started
2020-08-30T15:48:25.265Z [grade-control.log] info: MongoDB connected!
2020-08-30T15:48:27.617Z [grade-control.log] info: API started
2020-08-30T15:48:29.461Z [grade-control.log] info: MongoDB connected!
2020-08-30T15:48:58.280Z [grade-control.log] info: API started
2020-08-30T15:49:00.089Z [grade-control.log] info: MongoDB connected!
2020-08-30T15:49:01.478Z [grade-control.log] info: API started
2020-08-30T15:49:03.228Z [grade-control.log] info: API started
2020-08-30T15:49:05.112Z [grade-control.log] info: MongoDB connected!
2020-08-30T15:49:06.742Z [grade-control.log] info: API started
2020-08-30T15:49:08.980Z [grade-control.log] info: API started
2020-08-30T15:49:10.608Z [grade-control.log] info: API started
2020-08-30T15:49:12.615Z [grade-control.log] info: MongoDB connected!
2020-08-30T15:49:15.176Z [grade-control.log] info: API started
2020-08-30T15:49:17.900Z [grade-control.log] info: API started
2020-08-30T15:49:19.784Z [grade-control.log] info: MongoDB connected!
2020-08-30T15:49:26.979Z [grade-control.log] info: API started
2020-08-30T15:49:28.961Z [grade-control.log] info: MongoDB connected!
2020-08-30T15:49:35.099Z [grade-control.log] info: API started
2020-08-30T15:49:37.022Z [grade-control.log] info: MongoDB connected!
2020-08-30T15:49:43.225Z [grade-control.log] info: API started
2020-08-30T15:49:45.141Z [grade-control.log] info: API started
2020-08-30T15:49:47.087Z [grade-control.log] info: MongoDB connected!
2020-08-30T15:49:47.291Z [grade-control.log] error: POST /account Cast to ObjectId failed for value "{ _id: undefined }" at path "_id" for model "accounts"
2020-08-30T15:50:01.277Z [grade-control.log] info: API started
2020-08-30T15:50:03.060Z [grade-control.log] info: MongoDB connected!
2020-08-30T15:50:40.482Z [grade-control.log] info: API started
2020-08-30T15:50:42.319Z [grade-control.log] info: MongoDB connected!
2020-08-30T15:50:48.432Z [grade-control.log] info: API started
2020-08-30T15:50:50.353Z [grade-control.log] info: MongoDB connected!
2020-08-30T15:50:52.267Z [grade-control.log] info: API started
2020-08-30T15:50:54.413Z [grade-control.log] info: MongoDB connected!
2020-08-30T15:51:00.779Z [grade-control.log] info: API started
2020-08-30T15:51:02.639Z [grade-control.log] info: MongoDB connected!
2020-08-30T15:51:04.157Z [grade-control.log] info: API started
2020-08-30T15:51:06.495Z [grade-control.log] info: MongoDB connected!
2020-08-30T15:51:07.371Z [grade-control.log] info: API started
2020-08-30T15:51:09.942Z [grade-control.log] info: MongoDB connected!
2020-08-30T15:51:14.606Z [grade-control.log] info: API started
2020-08-30T15:51:16.150Z [grade-control.log] info: API started
2020-08-30T15:51:18.051Z [grade-control.log] info: MongoDB connected!
2020-08-30T15:51:19.079Z [grade-control.log] info: API started
2020-08-30T15:51:21.793Z [grade-control.log] info: MongoDB connected!
2020-08-30T15:51:22.410Z [grade-control.log] error: POST /account Unsupported projection option: $inc: { balance: 10 }
2020-08-30T15:53:15.724Z [grade-control.log] info: API started
2020-08-30T15:53:17.666Z [grade-control.log] info: MongoDB connected!
2020-08-30T15:53:29.384Z [grade-control.log] info: API started
2020-08-30T15:53:31.484Z [grade-control.log] info: MongoDB connected!
2020-08-30T15:53:41.322Z [grade-control.log] info: API started
2020-08-30T15:53:43.172Z [grade-control.log] info: MongoDB connected!
2020-08-30T15:53:45.795Z [grade-control.log] info: API started
2020-08-30T15:53:47.997Z [grade-control.log] info: MongoDB connected!
2020-08-30T15:53:52.106Z [grade-control.log] info: API started
2020-08-30T15:53:54.353Z [grade-control.log] info: MongoDB connected!
2020-08-30T15:53:55.253Z [grade-control.log] info: API started
2020-08-30T15:53:57.177Z [grade-control.log] info: MongoDB connected!
2020-08-30T15:54:10.411Z [grade-control.log] info: API started
2020-08-30T15:54:13.140Z [grade-control.log] info: MongoDB connected!
2020-08-30T15:54:14.491Z [grade-control.log] info: API started
2020-08-30T15:54:16.569Z [grade-control.log] info: MongoDB connected!
2020-08-30T15:54:23.509Z [grade-control.log] info: API started
2020-08-30T15:54:25.330Z [grade-control.log] info: MongoDB connected!
2020-08-30T15:54:26.555Z [grade-control.log] info: API started
2020-08-30T15:54:28.322Z [grade-control.log] info: MongoDB connected!
2020-08-30T15:54:48.166Z [grade-control.log] info: POST /account/deposit - 597
2020-08-30T15:54:54.824Z [grade-control.log] info: API started
2020-08-30T15:54:56.923Z [grade-control.log] info: MongoDB connected!
2020-08-30T15:54:57.327Z [grade-control.log] info: POST /account/deposit - 587
2020-08-30T15:55:08.700Z [grade-control.log] info: API started
2020-08-30T15:55:10.632Z [grade-control.log] info: MongoDB connected!
2020-08-30T15:55:28.633Z [grade-control.log] info: API started
2020-08-30T15:55:30.420Z [grade-control.log] info: MongoDB connected!
2020-08-30T15:55:31.156Z [grade-control.log] info: API started
2020-08-30T15:55:33.280Z [grade-control.log] info: MongoDB connected!
2020-08-30T15:55:37.950Z [grade-control.log] info: API started
2020-08-30T15:55:40.040Z [grade-control.log] info: MongoDB connected!
2020-08-30T15:55:44.912Z [grade-control.log] info: API started
2020-08-30T15:55:46.878Z [grade-control.log] info: MongoDB connected!
2020-08-30T15:55:47.497Z [grade-control.log] info: API started
2020-08-30T15:55:49.439Z [grade-control.log] info: MongoDB connected!
2020-08-30T15:55:52.112Z [grade-control.log] info: API started
2020-08-30T15:55:54.055Z [grade-control.log] info: API started
2020-08-30T15:55:55.519Z [grade-control.log] info: API started
2020-08-30T15:56:01.267Z [grade-control.log] info: API started
2020-08-30T15:56:07.677Z [grade-control.log] info: MongoDB connected!
2020-08-30T16:10:14.732Z [grade-control.log] info: API started
2020-08-30T16:10:16.593Z [grade-control.log] info: MongoDB connected!
2020-08-30T16:10:18.472Z [grade-control.log] info: API started
2020-08-30T16:10:20.541Z [grade-control.log] info: MongoDB connected!
2020-08-30T16:10:23.778Z [grade-control.log] info: API started
2020-08-30T16:10:25.742Z [grade-control.log] info: MongoDB connected!
2020-08-30T16:10:58.005Z [grade-control.log] info: API started
2020-08-30T16:10:59.840Z [grade-control.log] info: API started
2020-08-30T16:11:01.669Z [grade-control.log] info: MongoDB connected!
2020-08-30T16:11:05.936Z [grade-control.log] info: API started
2020-08-30T16:11:09.917Z [grade-control.log] info: API started
2020-08-30T16:11:11.658Z [grade-control.log] info: MongoDB connected!
2020-08-30T16:11:43.786Z [grade-control.log] info: API started
2020-08-30T16:11:46.145Z [grade-control.log] info: MongoDB connected!
2020-08-30T16:12:05.483Z [grade-control.log] info: API started
2020-08-30T16:12:07.359Z [grade-control.log] info: MongoDB connected!
